[debug] [2022-05-02T04:44:05.979Z] ----------------------------------------------------------------------
[debug] [2022-05-02T04:44:05.981Z] Command:       /usr/local/bin/node /usr/local/bin/firebase deploy
[debug] [2022-05-02T04:44:05.982Z] CLI Version:   8.14.1
[debug] [2022-05-02T04:44:05.982Z] Platform:      darwin
[debug] [2022-05-02T04:44:05.982Z] Node Version:  v16.13.2
[debug] [2022-05-02T04:44:05.983Z] Time:          Sun May 01 2022 22:44:05 GMT-0600 (Central Standard Time)
[debug] [2022-05-02T04:44:05.984Z] ----------------------------------------------------------------------
[debug] [2022-05-02T04:44:05.984Z] 
[debug] [2022-05-02T04:44:05.994Z] > command requires scopes: ["email","openid","https://www.googleapis.com/auth/cloudplatformprojects.readonly","https://www.googleapis.com/auth/firebase","https://www.googleapis.com/auth/cloud-platform"]
[debug] [2022-05-02T04:44:05.995Z] > authorizing via signed-in user
[debug] [2022-05-02T04:44:05.995Z] [iam] checking project react-superchat-99 for permissions ["cloudfunctions.functions.create","cloudfunctions.functions.delete","cloudfunctions.functions.get","cloudfunctions.functions.list","cloudfunctions.functions.update","cloudfunctions.operations.get","firebase.projects.get","firebasehosting.sites.update"]
[debug] [2022-05-02T04:44:05.999Z] >>> HTTP REQUEST POST https://cloudresourcemanager.googleapis.com/v1/projects/react-superchat-99:testIamPermissions  
 {"permissions":["cloudfunctions.functions.create","cloudfunctions.functions.delete","cloudfunctions.functions.get","cloudfunctions.functions.list","cloudfunctions.functions.update","cloudfunctions.operations.get","firebase.projects.get","firebasehosting.sites.update"]}
[debug] [2022-05-02T04:44:06.325Z] <<< HTTP RESPONSE 200 {"content-type":"application/json; charset=UTF-8","vary":"X-Origin, Referer, Origin,Accept-Encoding","date":"Mon, 02 May 2022 04:44:06 GMT","server":"ESF","cache-control":"private","x-xss-protection":"0","x-frame-options":"SAMEORIGIN","x-content-type-options":"nosniff","server-timing":"gfet4t7; dur=102","alt-svc":"h3=\":443\"; ma=2592000,h3-29=\":443\"; ma=2592000,h3-Q050=\":443\"; ma=2592000,h3-Q046=\":443\"; ma=2592000,h3-Q043=\":443\"; ma=2592000,quic=\":443\"; ma=2592000; v=\"46,43\"","accept-ranges":"none","transfer-encoding":"chunked"}
[debug] [2022-05-02T04:44:06.327Z] >>> HTTP REQUEST POST https://iam.googleapis.com/v1/projects/react-superchat-99/serviceAccounts/react-superchat-99@appspot.gserviceaccount.com:testIamPermissions  
 {"permissions":["iam.serviceAccounts.actAs"]}
[debug] [2022-05-02T04:44:06.631Z] <<< HTTP RESPONSE 200 {"content-type":"application/json; charset=UTF-8","vary":"X-Origin, Referer, Origin,Accept-Encoding","date":"Mon, 02 May 2022 04:44:06 GMT","server":"ESF","cache-control":"private","x-xss-protection":"0","x-frame-options":"SAMEORIGIN","x-content-type-options":"nosniff","alt-svc":"h3=\":443\"; ma=2592000,h3-29=\":443\"; ma=2592000,h3-Q050=\":443\"; ma=2592000,h3-Q046=\":443\"; ma=2592000,h3-Q043=\":443\"; ma=2592000,quic=\":443\"; ma=2592000; v=\"46,43\"","accept-ranges":"none","transfer-encoding":"chunked"}
[debug] [2022-05-02T04:44:06.633Z] >>> HTTP REQUEST GET https://firebase.googleapis.com/v1beta1/projects/react-superchat-99  
 
[debug] [2022-05-02T04:44:06.944Z] <<< HTTP RESPONSE 200 {"content-type":"application/json; charset=UTF-8","vary":"X-Origin, Referer, Origin,Accept-Encoding","date":"Mon, 02 May 2022 04:44:07 GMT","server":"ESF","cache-control":"private","x-xss-protection":"0","x-frame-options":"SAMEORIGIN","x-content-type-options":"nosniff","alt-svc":"h3=\":443\"; ma=2592000,h3-29=\":443\"; ma=2592000,h3-Q050=\":443\"; ma=2592000,h3-Q046=\":443\"; ma=2592000,h3-Q043=\":443\"; ma=2592000,quic=\":443\"; ma=2592000; v=\"46,43\"","accept-ranges":"none","transfer-encoding":"chunked"}
[debug] [2022-05-02T04:44:07.117Z] TypeError [ERR_INVALID_ARG_TYPE]: The "path" argument must be of type string. Received undefined
    at new NodeError (node:internal/errors:371:5)
    at validateString (node:internal/validators:119:11)
    at Object.join (node:path:1172:7)
    at Object.checkFunctionsSDKVersion [as fn] (/usr/local/lib/node_modules/firebase-tools/lib/checkFirebaseSDKVersion.js:34:28)
    at Command.<anonymous> (/usr/local/lib/node_modules/firebase-tools/lib/command.js:169:30)
    at Generator.next (<anonymous>)
    at fulfilled (/usr/local/lib/node_modules/firebase-tools/lib/command.js:5:58)
    at processTicksAndRejections (node:internal/process/task_queues:96:5)
[error] 
[error] Error: An unexpected error has occurred.
